Using pre-set license
Built from '6000.0/staging' branch; Version is '6000.0.30f1 (62b05ba0686a) revision 6467675'; Using compiler version '193933523'; Build Type 'Release'
OS: 'Windows 11  (10.0.22631) 64bit Core' Language: 'ru' Physical Memory: 8103 MB
BatchMode: 1, IsHumanControllingUs: 0, StartBugReporterOnCrash: 0, Is64bit: 1, IsPro: 1

COMMAND LINE ARGUMENTS:
G:\UNITY\6000.0.30f1\Editor\Unity.exe
-adb2
-batchMode
-noUpm
-name
AssetImportWorker0
-projectPath
G:/Harlov-main
-logFile
Logs/AssetImportWorker0.log
-srvPort
52439
-job-worker-count
3
-background-job-worker-count
8
-asset-garbage-collectors
1
Successfully changed project path to: G:/Harlov-main
G:/Harlov-main
[UnityMemory] Configuration Parameters - Can be set up in boot.config
    "memorysetup-bucket-allocator-granularity=16"
    "memorysetup-bucket-allocator-bucket-count=8"
    "memorysetup-bucket-allocator-block-size=33554432"
    "memorysetup-bucket-allocator-block-count=8"
    "memorysetup-main-allocator-block-size=16777216"
    "memorysetup-thread-allocator-block-size=16777216"
    "memorysetup-gfx-main-allocator-block-size=16777216"
    "memorysetup-gfx-thread-allocator-block-size=16777216"
    "memorysetup-cache-allocator-block-size=4194304"
    "memorysetup-typetree-allocator-block-size=2097152"
    "memorysetup-profiler-bucket-allocator-granularity=16"
    "memorysetup-profiler-bucket-allocator-bucket-count=8"
    "memorysetup-profiler-bucket-allocator-block-size=33554432"
    "memorysetup-profiler-bucket-allocator-block-count=8"
    "memorysetup-profiler-allocator-block-size=16777216"
    "memorysetup-profiler-editor-allocator-block-size=1048576"
    "memorysetup-temp-allocator-size-main=16777216"
    "memorysetup-job-temp-allocator-block-size=2097152"
    "memorysetup-job-temp-allocator-block-size-background=1048576"
    "memorysetup-job-temp-allocator-reduction-small-platforms=262144"
    "memorysetup-allocator-temp-initial-block-size-main=262144"
    "memorysetup-allocator-temp-initial-block-size-worker=262144"
    "memorysetup-temp-allocator-size-background-worker=32768"
    "memorysetup-temp-allocator-size-job-worker=262144"
    "memorysetup-temp-allocator-size-preload-manager=33554432"
    "memorysetup-temp-allocator-size-nav-mesh-worker=65536"
    "memorysetup-temp-allocator-size-audio-worker=65536"
    "memorysetup-temp-allocator-size-cloud-worker=32768"
    "memorysetup-temp-allocator-size-gi-baking-worker=262144"
    "memorysetup-temp-allocator-size-gi-baking-worker=262144"
    "memorysetup-temp-allocator-size-gi-baking-worker=262144"
    "memorysetup-temp-allocator-size-gi-baking-worker=262144"
    "memorysetup-temp-allocator-size-gi-baking-worker=262144"
    "memorysetup-temp-allocator-size-gfx=262144"
Player connection [18888]  Target information:

Player connection [18888]  * "[IP] 192.168.0.103 [Port] 0 [Flags] 2 [Guid] 1836109105 [EditorId] 1836109105 [Version] 1048832 [Id] WindowsEditor(7,DESKTOP-UO2HRFG) [Debug] 1 [PackageName] WindowsEditor [ProjectName] Editor" 

Player connection [18888] Host joined multi-casting on [225.0.0.222:54997]...
Player connection [18888] Host joined alternative multi-casting on [225.0.0.222:34997]...
JobSystem: Creating JobQueue using job-worker-count value 3
[Physics::Module] Initialized fallback backend.
[Physics::Module] Id: 0xdecafbad
Library Redirect Path: Library/
[Physics::Module] Selected backend.
[Physics::Module] Name: PhysX
[Physics::Module] Id: 0xf2b8ea05
[Physics::Module] SDK Version: 4.1.2
[Physics::Module] Integration Version: 1.0.0
[Physics::Module] Threading Mode: Multi-Threaded
Refreshing native plugins compatible for Editor in 644.68 ms, found 4 plugins.
Preloading 0 native plugins for Editor in 0.00 ms.
Initialize engine version: 6000.0.30f1 (62b05ba0686a)
[Subsystems] Discovering subsystems at path G:/UNITY/6000.0.30f1/Editor/Data/Resources/UnitySubsystems
[Subsystems] Discovering subsystems at path G:/Harlov-main/Assets
GfxDevice: creating device client; kGfxThreadingModeNonThreaded
Direct3D:
    Version:  Direct3D 11.0 [level 11.1]
    Renderer: NVIDIA GeForce GTX 1650 (ID=0x1f91)
    Vendor:   NVIDIA
    VRAM:     3949 MB
    Driver:   31.0.15.3203
Initialize mono
Mono path[0] = 'G:/UNITY/6000.0.30f1/Editor/Data/Managed'
Mono path[1] = 'G:/UNITY/6000.0.30f1/Editor/Data/MonoBleedingEdge/lib/mono/unityjit-win32'
Mono config path = 'G:/UNITY/6000.0.30f1/Editor/Data/MonoBleedingEdge/etc'
Using monoOptions --debugger-agent=transport=dt_socket,embedding=1,server=y,suspend=n,address=127.0.0.1:56852
Begin MonoManager ReloadAssembly
Registering precompiled unity dll's ...
Register platform support module: G:/UNITY/6000.0.30f1/Editor/Data/PlaybackEngines/WindowsStandaloneSupport/UnityEditor.WindowsStandalone.Extensions.dll
Registered in 0.518085 seconds.
- Loaded All Assemblies, in 19.225 seconds
Native extension for WindowsStandalone target not found
Mono: successfully reloaded assembly
- Finished resetting the current domain, in 12.742 seconds
Domain Reload Profiling: 31967ms
	BeginReloadAssembly (9941ms)
		ExecutionOrderSort (0ms)
		DisableScriptedObjects (0ms)
		BackupInstance (0ms)
		ReleaseScriptingObjects (0ms)
		CreateAndSetChildDomain (97ms)
	RebuildCommonClasses (1838ms)
	RebuildNativeTypeToScriptingClass (63ms)
	initialDomainReloadingComplete (2088ms)
	LoadAllAssembliesAndSetupDomain (5294ms)
		LoadAssemblies (9871ms)
		RebuildTransferFunctionScriptingTraits (0ms)
		AnalyzeDomain (4795ms)
			TypeCache.Refresh (4746ms)
				TypeCache.ScanAssembly (4198ms)
			BuildScriptInfoCaches (1ms)
			ResolveRequiredComponents (45ms)
	FinalizeReload (12743ms)
		ReleaseScriptCaches (0ms)
		RebuildScriptCaches (0ms)
		SetupLoadedEditorAssemblies (12255ms)
			LogAssemblyErrors (0ms)
			InitializePlatformSupportModulesInManaged (5180ms)
			SetLoadedEditorAssemblies (19ms)
			BeforeProcessingInitializeOnLoad (484ms)
			ProcessInitializeOnLoadAttributes (4629ms)
			ProcessInitializeOnLoadMethodAttributes (1943ms)
			AfterProcessingInitializeOnLoad (0ms)
			EditorAssembliesLoaded (0ms)
		ExecutionOrderSort2 (0ms)
		AwakeInstancesAfterBackupRestoration (0ms)
========================================================================
Worker process is ready to serve import requests
Import Worker Mode flag is 0x00
Begin MonoManager ReloadAssembly
- Loaded All Assemblies, in 41.419 seconds
Refreshing native plugins compatible for Editor in 48.99 ms, found 4 plugins.
Native extension for WindowsStandalone target not found
Mono: successfully reloaded assembly
- Finished resetting the current domain, in 16.089 seconds
Domain Reload Profiling: 57448ms
	BeginReloadAssembly (7062ms)
		ExecutionOrderSort (0ms)
		DisableScriptedObjects (185ms)
		BackupInstance (0ms)
		ReleaseScriptingObjects (0ms)
		CreateAndSetChildDomain (346ms)
	RebuildCommonClasses (180ms)
	RebuildNativeTypeToScriptingClass (65ms)
	initialDomainReloadingComplete (554ms)
	LoadAllAssembliesAndSetupDomain (33497ms)
		LoadAssemblies (33035ms)
		RebuildTransferFunctionScriptingTraits (0ms)
		AnalyzeDomain (6832ms)
			TypeCache.Refresh (3086ms)
				TypeCache.ScanAssembly (2750ms)
			BuildScriptInfoCaches (3666ms)
			ResolveRequiredComponents (62ms)
	FinalizeReload (16091ms)
		ReleaseScriptCaches (0ms)
		RebuildScriptCaches (0ms)
		SetupLoadedEditorAssemblies (9936ms)
			LogAssemblyErrors (0ms)
			InitializePlatformSupportModulesInManaged (68ms)
			SetLoadedEditorAssemblies (19ms)
			BeforeProcessingInitializeOnLoad (539ms)
			ProcessInitializeOnLoadAttributes (4306ms)
			ProcessInitializeOnLoadMethodAttributes (4991ms)
			AfterProcessingInitializeOnLoad (12ms)
			EditorAssembliesLoaded (1ms)
		ExecutionOrderSort2 (0ms)
		AwakeInstancesAfterBackupRestoration (33ms)
Launched and connected shader compiler UnityShaderCompiler.exe after 0.56 seconds
Refreshing native plugins compatible for Editor in 129.40 ms, found 4 plugins.
Preloading 0 native plugins for Editor in 0.00 ms.
Unloading 206 Unused Serialized files (Serialized files now loaded: 0)
Unloading 6525 unused Assets / (5.3 MB). Loaded Objects now: 7221.
Memory consumption went from 175.3 MB to 170.1 MB.
Total: 313.178100 ms (FindLiveObjects: 6.674800 ms CreateObjectMapping: 6.141800 ms MarkObjects: 254.776600 ms  DeleteObjects: 12.569100 ms)

========================================================================
Received Import Request.
  Time since last request: 18954.134272 seconds.
  path: Assets/Scripts/SpaceshipControls.cs
  artifactKey: Guid(c186d9800de060e469d4b35143debc27) Importer(815301076,1909f56bfc062723c751e8b465ee728b)
Start importing Assets/Scripts/SpaceshipControls.cs using Guid(c186d9800de060e469d4b35143debc27) Importer(815301076,1909f56bfc062723c751e8b465ee728b) (PreviewImporter) -> (artifact id: '7400294c73cd2337608074b49887cc46') in 0.4559624 seconds
Number of updated asset objects reloaded before import = 0Number of asset objects unloaded after import = 0

========================================================================
Received Prepare
Refreshing native plugins compatible for Editor in 5.79 ms, found 4 plugins.
Preloading 0 native plugins for Editor in 0.00 ms.
Unloading 13 Unused Serialized files (Serialized files now loaded: 0)
Unloading 6512 unused Assets / (4.1 MB). Loaded Objects now: 7223.
Memory consumption went from 141.5 MB to 137.3 MB.
Total: 47.031400 ms (FindLiveObjects: 2.346500 ms CreateObjectMapping: 3.278300 ms MarkObjects: 32.858400 ms  DeleteObjects: 8.543800 ms)

Prepare: number of updated asset objects reloaded= 0
